<component name="libraryTable">
  <library name="Junit5_jar_dependence">
    <CLASSES>
      <root url="jar://$PROJECT_DIR$/Code_v1_Group12/Junit5_jar_dependence/hamcrest-core-1.3.jar!/" />
      <root url="jar://$PROJECT_DIR$/Code_v1_Group12/Junit5_jar_dependence/junit-platform-reporting-1.11.3.jar!/" />
      <root url="jar://$PROJECT_DIR$/Code_v1_Group12/Junit5_jar_dependence/junit-vintage-engine-5.11.3.jar!/" />
      <root url="jar://$PROJECT_DIR$/Code_v1_Group12/Junit5_jar_dependence/junit-platform-launcher-1.11.3.jar!/" />
      <root url="jar://$PROJECT_DIR$/Code_v1_Group12/Junit5_jar_dependence/opentest4j-1.3.0.jar!/" />
      <root url="jar://$PROJECT_DIR$/Code_v1_Group12/Junit5_jar_dependence/junit-platform-commons-1.10.2.jar!/" />
      <root url="jar://$PROJECT_DIR$/Code_v1_Group12/Junit5_jar_dependence/junit-platform-console-1.11.3.jar!/" />
      <root url="jar://$PROJECT_DIR$/Code_v1_Group12/Junit5_jar_dependence/junit-platform-suite-api-1.11.3.jar!/" />
      <root url="jar://$PROJECT_DIR$/Code_v1_Group12/Junit5_jar_dependence/junit-jupiter-api-5.10.2.jar!/" />
      <root url="jar://$PROJECT_DIR$/Code_v1_Group12/Junit5_jar_dependence/junit-platform-engine-1.10.0.jar!/" />
      <root url="jar://$PROJECT_DIR$/Code_v1_Group12/Junit5_jar_dependence/junit-platform-commons-1.11.3.jar!/" />
      <root url="jar://$PROJECT_DIR$/Code_v1_Group12/Junit5_jar_dependence/junit-4.13.2.jar!/" />
      <root url="jar://$PROJECT_DIR$/Code_v1_Group12/Junit5_jar_dependence/junit-jupiter-api-5.11.3.jar!/" />
      <root url="jar://$PROJECT_DIR$/Code_v1_Group12/Junit5_jar_dependence/junit-jupiter-engine-5.11.3.jar!/" />
      <root url="jar://$PROJECT_DIR$/Code_v1_Group12/Junit5_jar_dependence/junit-platform-commons-1.10.0.jar!/" />
      <root url="jar://$PROJECT_DIR$/Code_v1_Group12/Junit5_jar_dependence/junit-jupiter-5.11.3.jar!/" />
      <root url="jar://$PROJECT_DIR$/Code_v1_Group12/Junit5_jar_dependence/junit-platform-jfr-1.11.3.jar!/" />
      <root url="jar://$PROJECT_DIR$/Code_v1_Group12/Junit5_jar_dependence/junit-platform-runner-1.11.3.jar!/" />
      <root url="jar://$PROJECT_DIR$/Code_v1_Group12/Junit5_jar_dependence/junit-jupiter-engine-5.10.0.jar!/" />
      <root url="jar://$PROJECT_DIR$/Code_v1_Group12/Junit5_jar_dependence/junit-jupiter-api-5.10.0.jar!/" />
      <root url="jar://$PROJECT_DIR$/Code_v1_Group12/Junit5_jar_dependence/junit-platform-suite-1.11.3.jar!/" />
      <root url="jar://$PROJECT_DIR$/Code_v1_Group12/Junit5_jar_dependence/junit-platform-testkit-1.11.3.jar!/" />
      <root url="jar://$PROJECT_DIR$/Code_v1_Group12/Junit5_jar_dependence/junit-jupiter-params-5.11.3.jar!/" />
      <root url="jar://$PROJECT_DIR$/Code_v1_Group12/Junit5_jar_dependence/junit-jupiter-migrationsupport-5.11.3.jar!/" />
      <root url="jar://$PROJECT_DIR$/Code_v1_Group12/Junit5_jar_dependence/junit-platform-suite-engine-1.11.3.jar!/" />
      <root url="jar://$PROJECT_DIR$/Code_v1_Group12/Junit5_jar_dependence/junit-platform-engine-1.11.3.jar!/" />
      <root url="jar://$PROJECT_DIR$/Code_v1_Group12/Junit5_jar_dependence/junit-platform-suite-commons-1.11.3.jar!/" />
      <root url="jar://$PROJECT_DIR$/Code_v1_Group12/Junit5_jar_dependence/junit-platform-engine-1.10.2.jar!/" />
    </CLASSES>
    <JAVADOC />
    <SOURCES />
  </library>
</component>